<?xml version="1.0" encoding="UTF-8"?>
<!-- Generated by org.testng.reporters.JUnitXMLReporter -->
<testsuite ignored="1" hostname="LAPTOP-1DFEHDTV" failures="0" tests="2" name="Test" time="18.452" errors="0" timestamp="2025-09-08T20:19:26 IST">
  <testcase classname="testCases.TC001_AccountRegisterationTest" name="LoginTest" time="2.871"/>
  <testcase classname="testCases.TC002_LoginTest" name="verify_Login" time="2.272"/>
  <testcase classname="testCases.TC003_DDTLoginTest" name="verify_Login" time="0.0">
    <ignored/>
  </testcase> <!-- verify_Login -->
</testsuite> <!-- Test -->
