<?xml version="1.0" encoding="UTF-8"?>
<!-- Generated by org.testng.reporters.JUnitXMLReporter -->
<testsuite ignored="2" hostname="LAPTOP-1DFEHDTV" failures="2" tests="5" name="Test" time="46.115" errors="0" timestamp="2025-09-08T19:07:23 IST">
  <testcase classname="testCases.TC003_DDTLoginTest" name="verify_Login" time="2.034"/>
  <testcase classname="testCases.TC003_DDTLoginTest" name="verify_Login" time="1.441"/>
  <testcase classname="testCases.TC003_DDTLoginTest" name="verify_Login" time="15.219">
    <failure type="java.lang.AssertionError" message="null">
      <![CDATA[java.lang.AssertionError: null
at testCases.TC003_DDTLoginTest.verify_Login(TC003_DDTLoginTest.java:50)
at java.base/java.util.ArrayList.forEach(ArrayList.java:1511)
... Removed 33 stack frames]]>
    </failure>
  </testcase> <!-- verify_Login -->
  <testcase classname="testCases.TC003_DDTLoginTest" name="verify_Login" time="15.604">
    <failure type="java.lang.AssertionError" message="null">
      <![CDATA[java.lang.AssertionError: null
at testCases.TC003_DDTLoginTest.verify_Login(TC003_DDTLoginTest.java:42)
at java.base/java.util.ArrayList.forEach(ArrayList.java:1511)
... Removed 33 stack frames]]>
    </failure>
  </testcase> <!-- verify_Login -->
  <testcase classname="testCases.TC003_DDTLoginTest" name="verify_Login" time="1.842"/>
  <testcase classname="testCases.TC001_AccountRegisterationTest" name="LoginTest" time="0.0">
    <ignored/>
  </testcase> <!-- LoginTest -->
  <testcase classname="testCases.TC002_LoginTest" name="verify_Login" time="0.0">
    <ignored/>
  </testcase> <!-- verify_Login -->
</testsuite> <!-- Test -->
