<?xml version="1.0" encoding="UTF-8"?>
<!-- Generated by org.testng.reporters.JUnitXMLReporter -->
<testsuite ignored="0" hostname="LAPTOP-1DFEHDTV" failures="1" tests="2" name="Test" time="29.926" errors="0" timestamp="2025-09-06T19:05:00 IST">
  <testcase classname="testCases.TC001_AccountRegisterationTest" name="LoginTest" time="16.336">
    <failure type="java.lang.AssertionError" message="null">
      <![CDATA[java.lang.AssertionError: null
at testCases.TC001_AccountRegisterationTest.LoginTest(TC001_AccountRegisterationTest.java:48)
at java.base/java.util.ArrayList.forEach(ArrayList.java:1511)
... Removed 33 stack frames]]>
    </failure>
  </testcase> <!-- LoginTest -->
  <testcase classname="testCases.TC002_LoginTest" name="verify_Login" time="2.419"/>
</testsuite> <!-- Test -->
