<?xml version="1.0" encoding="UTF-8"?>
<testsuite xmlns:xsi="http://www.w3.org/2001/XMLSchema-instance" xsi:noNamespaceSchemaLocation="https://maven.apache.org/surefire/maven-surefire-plugin/xsd/surefire-test-report.xsd" version="3.0.2" name="TestSuite" time="49.587" tests="5" errors="0" skipped="0" failures="2">
  <properties>
[...]
</properties>
  <testcase name="verify_Login[abababnc@gmail.com, 1234, Valid](1)" classname="testCases.TC003_DDTLoginTest" time="2.217">
    <system-out><![CDATA[2025-09-08 19:06:34 DEBUG TestNG:82 - suiteXmlPath: "C:\Users\akash\Selenium_Cognizant\opencart_cucumber\master.xml"
2025-09-08 19:06:34 TRACE Graph:52 - [Graph] ADDING NODE BaseTest.setup(java.lang.String,java.lang.String)[pri:0, instance:null] -1308580327
2025-09-08 19:06:34 TRACE Graph:52 - [Graph] ================ SORTING
2025-09-08 19:06:34 TRACE Graph:52 - [Graph] =============== DONE SORTING
2025-09-08 19:06:34 TRACE Graph:52 - [Graph] ====== SORTED NODES
2025-09-08 19:06:34 TRACE Graph:52 - [Graph] ====== END SORTED NODES
2025-09-08 19:06:34 TRACE Graph:52 - [Graph] ADDING NODE BaseTest.tearDown()[pri:0, instance:null] 676218306
2025-09-08 19:06:34 TRACE Graph:52 - [Graph] ================ SORTING
2025-09-08 19:06:34 TRACE Graph:52 - [Graph] =============== DONE SORTING
2025-09-08 19:06:34 TRACE Graph:52 - [Graph] ====== SORTED NODES
2025-09-08 19:06:34 TRACE Graph:52 - [Graph] ====== END SORTED NODES
2025-09-08 19:06:34 TRACE Graph:52 - [Graph] ADDING NODE BaseTest.setup(java.lang.String,java.lang.String)[pri:0, instance:null] -1308580327
2025-09-08 19:06:34 TRACE Graph:52 - [Graph] ================ SORTING
2025-09-08 19:06:34 TRACE Graph:52 - [Graph] =============== DONE SORTING
2025-09-08 19:06:34 TRACE Graph:52 - [Graph] ====== SORTED NODES
2025-09-08 19:06:34 TRACE Graph:52 - [Graph] ====== END SORTED NODES
2025-09-08 19:06:34 TRACE Graph:52 - [Graph] ADDING NODE BaseTest.tearDown()[pri:0, instance:null] 676218306
2025-09-08 19:06:34 TRACE Graph:52 - [Graph] ================ SORTING
2025-09-08 19:06:34 TRACE Graph:52 - [Graph] =============== DONE SORTING
2025-09-08 19:06:34 TRACE Graph:52 - [Graph] ====== SORTED NODES
2025-09-08 19:06:34 TRACE Graph:52 - [Graph] ====== END SORTED NODES
2025-09-08 19:06:34 TRACE Graph:52 - [Graph] ADDING NODE BaseTest.setup(java.lang.String,java.lang.String)[pri:0, instance:null] -1308580327
2025-09-08 19:06:34 TRACE Graph:52 - [Graph] ================ SORTING
2025-09-08 19:06:34 TRACE Graph:52 - [Graph] =============== DONE SORTING
2025-09-08 19:06:34 TRACE Graph:52 - [Graph] ====== SORTED NODES
2025-09-08 19:06:34 TRACE Graph:52 - [Graph] ====== END SORTED NODES
2025-09-08 19:06:34 TRACE Graph:52 - [Graph] ADDING NODE BaseTest.tearDown()[pri:0, instance:null] 676218306
2025-09-08 19:06:34 TRACE Graph:52 - [Graph] ================ SORTING
2025-09-08 19:06:34 TRACE Graph:52 - [Graph] =============== DONE SORTING
2025-09-08 19:06:34 TRACE Graph:52 - [Graph] ====== SORTED NODES
2025-09-08 19:06:34 TRACE Graph:52 - [Graph] ====== END SORTED NODES
2025-09-08 19:06:34 TRACE Graph:52 - [Graph] ADDING NODE TC003_DDTLoginTest.verify_Login(java.lang.String,java.lang.String,java.lang.String)[pri:0, instance:testCases.TC003_DDTLoginTest@7216fb24] 1235560969
2025-09-08 19:06:34 TRACE Graph:52 - [Graph] ================ SORTING
2025-09-08 19:06:34 TRACE Graph:52 - [Graph] =============== DONE SORTING
2025-09-08 19:06:34 TRACE Graph:52 - [Graph] ====== SORTED NODES
2025-09-08 19:06:34 TRACE Graph:52 - [Graph] ====== END SORTED NODES
2025-09-08 19:06:42 DEBUG PackageRelationshipCollection:307 - Parsing relationship: /xl/_rels/workbook.xml.rels
2025-09-08 19:06:42 DEBUG PackageRelationshipCollection:307 - Parsing relationship: /xl/worksheets/_rels/sheet1.xml.rels
2025-09-08 19:06:42 DEBUG PackageRelationshipCollection:307 - Parsing relationship: /_rels/.rels
2025-09-08 19:06:42 TRACE XBeanDebug:199 - Loading type system org.apache.poi.schemas.ooxml.system.ooxml
2025-09-08 19:06:42 TRACE XBeanDebug:199 - Loading type system org.apache.xmlbeans.metadata.system.sXMLCONFIG
2025-09-08 19:06:42 TRACE XBeanDebug:199 - Loading type system org.apache.xmlbeans.metadata.system.sXMLLANG
2025-09-08 19:06:42 TRACE XBeanDebug:199 - Loading type system org.apache.xmlbeans.metadata.system.sXMLSCHEMA
2025-09-08 19:06:42 TRACE XBeanDebug:199 - Loading type system org.apache.xmlbeans.metadata.system.sXMLTOOLS
2025-09-08 19:06:42 TRACE XBeanDebug:237 - Reading unresolved handles for type system org.apache.xmlbeans.metadata.system.sXMLTOOLS
2025-09-08 19:06:42 TRACE XBeanDebug:209 - Finished loading type system org.apache.xmlbeans.metadata.system.sXMLTOOLS
2025-09-08 19:06:42 TRACE XBeanDebug:237 - Reading unresolved handles for type system org.apache.xmlbeans.metadata.system.sXMLSCHEMA
2025-09-08 19:06:43 TRACE XBeanDebug:209 - Finished loading type system org.apache.xmlbeans.metadata.system.sXMLSCHEMA
2025-09-08 19:06:43 TRACE XBeanDebug:237 - Reading unresolved handles for type system org.apache.xmlbeans.metadata.system.sXMLLANG
2025-09-08 19:06:43 TRACE XBeanDebug:209 - Finished loading type system org.apache.xmlbeans.metadata.system.sXMLLANG
2025-09-08 19:06:43 TRACE XBeanDebug:237 - Reading unresolved handles for type system org.apache.xmlbeans.metadata.system.sXMLCONFIG
2025-09-08 19:06:43 TRACE XBeanDebug:209 - Finished loading type system org.apache.xmlbeans.metadata.system.sXMLCONFIG
2025-09-08 19:06:43 TRACE XBeanDebug:237 - Reading unresolved handles for type system org.apache.poi.schemas.ooxml.system.ooxml
2025-09-08 19:06:43 TRACE XBeanDebug:209 - Finished loading type system org.apache.poi.schemas.ooxml.system.ooxml
2025-09-08 19:06:43 TRACE XBeanDebug:946 - Resolving type for handle themefd26doctype
2025-09-08 19:06:43 TRACE XBeanDebug:946 - Resolving type for handle stylesheet5d8bdoctype
2025-09-08 19:06:43 TRACE XBeanDebug:946 - Resolving type for handle ctstylesheet4257type
2025-09-08 19:06:43 TRACE XBeanDebug:946 - Resolving type for handle ctfonts6623type
2025-09-08 19:06:43 TRACE XBeanDebug:946 - Resolving type for handle ctfont14d8type
2025-09-08 19:06:43 TRACE XBeanDebug:946 - Resolving type for handle ctfills2c6ftype
2025-09-08 19:06:43 TRACE XBeanDebug:946 - Resolving type for handle ctfill550ctype
2025-09-08 19:06:43 TRACE XBeanDebug:946 - Resolving type for handle ctborders0d66type
2025-09-08 19:06:43 TRACE XBeanDebug:946 - Resolving type for handle ctborderf935type
2025-09-08 19:06:43 TRACE XBeanDebug:946 - Resolving type for handle ctcellxfs1322type
2025-09-08 19:06:43 TRACE XBeanDebug:946 - Resolving type for handle ctxf97f7type
2025-09-08 19:06:43 TRACE XBeanDebug:946 - Resolving type for handle ctcellstylexfsa81ftype
2025-09-08 19:06:43 TRACE XBeanDebug:946 - Resolving type for handle ctdxfsb26atype
2025-09-08 19:06:43 TRACE XBeanDebug:946 - Resolving type for handle cttablestyles872ftype
2025-09-08 19:06:43 TRACE XBeanDebug:946 - Resolving type for handle sstf81fdoctype
2025-09-08 19:06:43 TRACE XBeanDebug:946 - Resolving type for handle ctsst44f3type
2025-09-08 19:06:43 TRACE XBeanDebug:946 - Resolving type for handle ctrsta472type
2025-09-08 19:06:43 TRACE XBeanDebug:946 - Resolving type for handle workbookec17doctype
2025-09-08 19:06:43 TRACE XBeanDebug:946 - Resolving type for handle ctworkbook83c3type
2025-09-08 19:06:43 TRACE XBeanDebug:946 - Resolving type for handle ctsheets49fdtype
2025-09-08 19:06:43 TRACE XBeanDebug:946 - Resolving type for handle ctsheet4dbetype
2025-09-08 19:06:43 TRACE XBeanDebug:946 - Resolving type for handle strelationshipid1e94type
2025-09-08 19:06:43 TRACE XBeanDebug:946 - Resolving type for handle worksheetf539doctype
2025-09-08 19:06:43 TRACE XBeanDebug:946 - Resolving type for handle ctworksheet530dtype
2025-09-08 19:06:43 TRACE XBeanDebug:946 - Resolving type for handle ctcols627ctype
2025-09-08 19:06:43 TRACE XBeanDebug:946 - Resolving type for handle ctcola95ftype
2025-09-08 19:06:43 TRACE XBeanDebug:946 - Resolving type for handle ctsheetdata8408type
2025-09-08 19:06:43 TRACE XBeanDebug:946 - Resolving type for handle ctrowdd39type
2025-09-08 19:06:43 TRACE XBeanDebug:946 - Resolving type for handle ctcell842btype
2025-09-08 19:06:43 TRACE XBeanDebug:946 - Resolving type for handle stcellrefe4e0type
2025-09-08 19:06:43 TRACE XBeanDebug:946 - Resolving type for handle cthyperlinks6416type
2025-09-08 19:06:43 TRACE XBeanDebug:946 - Resolving type for handle cthyperlink0c85type
2025-09-08 19:06:43 TRACE XBeanDebug:946 - Resolving type for handle stxstringf179type
2025-09-08 19:06:43 DEBUG PackageRelationshipCollection:307 - Parsing relationship: /xl/_rels/workbook.xml.rels
2025-09-08 19:06:43 DEBUG PackageRelationshipCollection:307 - Parsing relationship: /xl/worksheets/_rels/sheet1.xml.rels
2025-09-08 19:06:43 DEBUG PackageRelationshipCollection:307 - Parsing relationship: /_rels/.rels
5
2025-09-08 19:06:43 DEBUG PackageRelationshipCollection:307 - Parsing relationship: /xl/_rels/workbook.xml.rels
2025-09-08 19:06:43 DEBUG PackageRelationshipCollection:307 - Parsing relationship: /xl/worksheets/_rels/sheet1.xml.rels
2025-09-08 19:06:43 DEBUG PackageRelationshipCollection:307 - Parsing relationship: /_rels/.rels
2025-09-08 19:06:43 TRACE XBeanDebug:946 - Resolving type for handle stcelltypebf95type
2025-09-08 19:06:43 DEBUG PackageRelationshipCollection:307 - Parsing relationship: /xl/_rels/workbook.xml.rels
2025-09-08 19:06:43 DEBUG PackageRelationshipCollection:307 - Parsing relationship: /xl/worksheets/_rels/sheet1.xml.rels
2025-09-08 19:06:43 DEBUG PackageRelationshipCollection:307 - Parsing relationship: /_rels/.rels
2025-09-08 19:06:43 TRACE XBeanDebug:946 - Resolving type for handle stcellstylexfid70c7type
2025-09-08 19:06:43 TRACE XBeanDebug:946 - Resolving type for handle stnumfmtid76fbtype
2025-09-08 19:06:43 TRACE XBeanDebug:946 - Resolving type for handle ctworkbookpr03a5type
2025-09-08 19:06:43 DEBUG PackageRelationshipCollection:307 - Parsing relationship: /xl/_rels/workbook.xml.rels
2025-09-08 19:06:43 DEBUG PackageRelationshipCollection:307 - Parsing relationship: /xl/worksheets/_rels/sheet1.xml.rels
2025-09-08 19:06:43 DEBUG PackageRelationshipCollection:307 - Parsing relationship: /_rels/.rels
2025-09-08 19:06:43 DEBUG PackageRelationshipCollection:307 - Parsing relationship: /xl/_rels/workbook.xml.rels
2025-09-08 19:06:43 DEBUG PackageRelationshipCollection:307 - Parsing relationship: /xl/worksheets/_rels/sheet1.xml.rels
2025-09-08 19:06:43 DEBUG PackageRelationshipCollection:307 - Parsing relationship: /_rels/.rels
2025-09-08 19:06:43 DEBUG PackageRelationshipCollection:307 - Parsing relationship: /xl/_rels/workbook.xml.rels
2025-09-08 19:06:43 DEBUG PackageRelationshipCollection:307 - Parsing relationship: /xl/worksheets/_rels/sheet1.xml.rels
2025-09-08 19:06:43 DEBUG PackageRelationshipCollection:307 - Parsing relationship: /_rels/.rels
2025-09-08 19:06:43 DEBUG PackageRelationshipCollection:307 - Parsing relationship: /xl/_rels/workbook.xml.rels
2025-09-08 19:06:43 DEBUG PackageRelationshipCollection:307 - Parsing relationship: /xl/worksheets/_rels/sheet1.xml.rels
2025-09-08 19:06:43 DEBUG PackageRelationshipCollection:307 - Parsing relationship: /_rels/.rels
2025-09-08 19:06:43 DEBUG PackageRelationshipCollection:307 - Parsing relationship: /xl/_rels/workbook.xml.rels
2025-09-08 19:06:43 DEBUG PackageRelationshipCollection:307 - Parsing relationship: /xl/worksheets/_rels/sheet1.xml.rels
2025-09-08 19:06:43 DEBUG PackageRelationshipCollection:307 - Parsing relationship: /_rels/.rels
2025-09-08 19:06:43 DEBUG PackageRelationshipCollection:307 - Parsing relationship: /xl/_rels/workbook.xml.rels
2025-09-08 19:06:43 DEBUG PackageRelationshipCollection:307 - Parsing relationship: /xl/worksheets/_rels/sheet1.xml.rels
2025-09-08 19:06:43 DEBUG PackageRelationshipCollection:307 - Parsing relationship: /_rels/.rels
2025-09-08 19:06:43 DEBUG PackageRelationshipCollection:307 - Parsing relationship: /xl/_rels/workbook.xml.rels
2025-09-08 19:06:43 DEBUG PackageRelationshipCollection:307 - Parsing relationship: /xl/worksheets/_rels/sheet1.xml.rels
2025-09-08 19:06:43 DEBUG PackageRelationshipCollection:307 - Parsing relationship: /_rels/.rels
2025-09-08 19:06:43 DEBUG PackageRelationshipCollection:307 - Parsing relationship: /xl/_rels/workbook.xml.rels
2025-09-08 19:06:43 DEBUG PackageRelationshipCollection:307 - Parsing relationship: /xl/worksheets/_rels/sheet1.xml.rels
2025-09-08 19:06:43 DEBUG PackageRelationshipCollection:307 - Parsing relationship: /_rels/.rels
2025-09-08 19:06:43 DEBUG PackageRelationshipCollection:307 - Parsing relationship: /xl/_rels/workbook.xml.rels
2025-09-08 19:06:43 DEBUG PackageRelationshipCollection:307 - Parsing relationship: /xl/worksheets/_rels/sheet1.xml.rels
2025-09-08 19:06:43 DEBUG PackageRelationshipCollection:307 - Parsing relationship: /_rels/.rels
2025-09-08 19:06:43 DEBUG PackageRelationshipCollection:307 - Parsing relationship: /xl/_rels/workbook.xml.rels
2025-09-08 19:06:43 DEBUG PackageRelationshipCollection:307 - Parsing relationship: /xl/worksheets/_rels/sheet1.xml.rels
2025-09-08 19:06:43 DEBUG PackageRelationshipCollection:307 - Parsing relationship: /_rels/.rels
2025-09-08 19:06:43 DEBUG PackageRelationshipCollection:307 - Parsing relationship: /xl/_rels/workbook.xml.rels
2025-09-08 19:06:43 DEBUG PackageRelationshipCollection:307 - Parsing relationship: /xl/worksheets/_rels/sheet1.xml.rels
2025-09-08 19:06:43 DEBUG PackageRelationshipCollection:307 - Parsing relationship: /_rels/.rels
2025-09-08 19:06:43 DEBUG PackageRelationshipCollection:307 - Parsing relationship: /xl/_rels/workbook.xml.rels
2025-09-08 19:06:43 DEBUG PackageRelationshipCollection:307 - Parsing relationship: /xl/worksheets/_rels/sheet1.xml.rels
2025-09-08 19:06:43 DEBUG PackageRelationshipCollection:307 - Parsing relationship: /_rels/.rels
2025-09-08 19:06:43 DEBUG PackageRelationshipCollection:307 - Parsing relationship: /xl/_rels/workbook.xml.rels
2025-09-08 19:06:43 DEBUG PackageRelationshipCollection:307 - Parsing relationship: /xl/worksheets/_rels/sheet1.xml.rels
2025-09-08 19:06:43 DEBUG PackageRelationshipCollection:307 - Parsing relationship: /_rels/.rels
2025-09-08 19:06:43 INFO  TC003_DDTLoginTest:17 - ***** Starting verify_DDTLogin *****
2025-09-08 19:06:44 INFO  TC003_DDTLoginTest:23 - Clicked Myaccount Link...
2025-09-08 19:06:44 INFO  TC003_DDTLoginTest:25 - Clicked Login...
2025-09-08 19:06:44 INFO  TC003_DDTLoginTest:29 - Entered email: abababnc@gmail.com
2025-09-08 19:06:44 INFO  TC003_DDTLoginTest:31 - Entered password: 1234
2025-09-08 19:06:45 INFO  TC003_DDTLoginTest:33 - Clicked Login...
2025-09-08 19:06:45 INFO  TC003_DDTLoginTest:45 - ***** Finished verify_Login *****
]]></system-out>
    <system-err><![CDATA[2025-09-08T13:36:34.499483600Z main INFO Starting configuration XmlConfiguration[location=C:\Users\akash\Selenium_Cognizant\opencart_cucumber\target\test-classes\log4j2.xml, lastModified=2025-09-08T13:09:23.187Z]...
2025-09-08T13:36:34.499483600Z main INFO Configuration XmlConfiguration[location=C:\Users\akash\Selenium_Cognizant\opencart_cucumber\target\test-classes\log4j2.xml, lastModified=2025-09-08T13:09:23.187Z] started.
2025-09-08T13:36:34.505925800Z main INFO Stopping configuration org.apache.logging.log4j.core.config.DefaultConfiguration@16ec5519...
2025-09-08T13:36:34.505925800Z main INFO Configuration org.apache.logging.log4j.core.config.DefaultConfiguration@16ec5519 stopped.
]]></system-err>
  </testcase>
  <testcase name="verify_Login[aka@gmail.com, 1234, Valid](2)" classname="testCases.TC003_DDTLoginTest" time="1.627">
    <system-out><![CDATA[2025-09-08 19:06:46 INFO  TC003_DDTLoginTest:17 - ***** Starting verify_DDTLogin *****
2025-09-08 19:06:46 INFO  TC003_DDTLoginTest:23 - Clicked Myaccount Link...
2025-09-08 19:06:46 INFO  TC003_DDTLoginTest:25 - Clicked Login...
2025-09-08 19:06:46 INFO  TC003_DDTLoginTest:29 - Entered email: aka@gmail.com
2025-09-08 19:06:46 INFO  TC003_DDTLoginTest:31 - Entered password: 1234
2025-09-08 19:06:46 INFO  TC003_DDTLoginTest:33 - Clicked Login...
2025-09-08 19:06:47 INFO  TC003_DDTLoginTest:45 - ***** Finished verify_Login *****
]]></system-out>
  </testcase>
  <testcase name="verify_Login[aka@gmail.com, 1234567, Invalid](3)" classname="testCases.TC003_DDTLoginTest" time="15.383">
    <failure message="null" type="java.lang.AssertionError"><![CDATA[java.lang.AssertionError: null
	at org.testng.Assert.fail(Assert.java:111)
	at org.testng.Assert.fail(Assert.java:116)
	at testCases.TC003_DDTLoginTest.verify_Login(TC003_DDTLoginTest.java:50)
	at java.base/jdk.internal.reflect.NativeMethodAccessorImpl.invoke0(Native Method)
	at java.base/jdk.internal.reflect.NativeMethodAccessorImpl.invoke(NativeMethodAccessorImpl.java:77)
	at java.base/jdk.internal.reflect.DelegatingMethodAccessorImpl.invoke(DelegatingMethodAccessorImpl.java:43)
	at java.base/java.lang.reflect.Method.invoke(Method.java:568)
	at org.testng.internal.invokers.MethodInvocationHelper.invokeMethod(MethodInvocationHelper.java:141)
	at org.testng.internal.invokers.TestInvoker.invokeMethod(TestInvoker.java:687)
	at org.testng.internal.invokers.TestInvoker.invokeTestMethod(TestInvoker.java:230)
	at org.testng.internal.invokers.MethodRunner.runInSequence(MethodRunner.java:63)
	at org.testng.internal.invokers.TestInvoker$MethodInvocationAgent.invoke(TestInvoker.java:995)
	at org.testng.internal.invokers.TestInvoker.invokeTestMethods(TestInvoker.java:203)
	at org.testng.internal.invokers.TestMethodWorker.invokeTestMethods(TestMethodWorker.java:154)
	at org.testng.internal.invokers.TestMethodWorker.run(TestMethodWorker.java:134)
	at java.base/java.util.ArrayList.forEach(ArrayList.java:1511)
	at org.testng.TestRunner.privateRun(TestRunner.java:741)
	at org.testng.TestRunner.run(TestRunner.java:616)
	at org.testng.SuiteRunner.runTest(SuiteRunner.java:421)
	at org.testng.SuiteRunner.runSequentially(SuiteRunner.java:413)
	at org.testng.SuiteRunner.privateRun(SuiteRunner.java:373)
	at org.testng.SuiteRunner.run(SuiteRunner.java:312)
	at org.testng.SuiteRunnerWorker.runSuite(SuiteRunnerWorker.java:52)
	at org.testng.SuiteRunnerWorker.run(SuiteRunnerWorker.java:95)
	at org.testng.TestNG.runSuitesSequentially(TestNG.java:1274)
	at org.testng.TestNG.runSuitesLocally(TestNG.java:1208)
	at org.testng.TestNG.runSuites(TestNG.java:1112)
	at org.testng.TestNG.run(TestNG.java:1079)
	at org.apache.maven.surefire.testng.TestNGExecutor.run(TestNGExecutor.java:308)
	at org.apache.maven.surefire.testng.TestNGXmlTestSuite.execute(TestNGXmlTestSuite.java:71)
	at org.apache.maven.surefire.testng.TestNGProvider.invoke(TestNGProvider.java:113)
	at org.apache.maven.surefire.booter.ForkedBooter.runSuitesInProcess(ForkedBooter.java:385)
	at org.apache.maven.surefire.booter.ForkedBooter.execute(ForkedBooter.java:162)
	at org.apache.maven.surefire.booter.ForkedBooter.run(ForkedBooter.java:507)
	at org.apache.maven.surefire.booter.ForkedBooter.main(ForkedBooter.java:495)
]]></failure>
    <system-out><![CDATA[2025-09-08 19:06:47 INFO  TC003_DDTLoginTest:17 - ***** Starting verify_DDTLogin *****
2025-09-08 19:06:47 INFO  TC003_DDTLoginTest:23 - Clicked Myaccount Link...
2025-09-08 19:06:47 INFO  TC003_DDTLoginTest:25 - Clicked Login...
2025-09-08 19:07:02 DEBUG TC003_DDTLoginTest:49 - no such element: Unable to locate element: {"method":"css selector","selector":"#input\-email"}
  (Session info: chrome=139.0.7258.155)
For documentation on this error, please visit: https://www.selenium.dev/documentation/webdriver/troubleshooting/errors#no-such-element-exception
Build info: version: '4.35.0', revision: '1c58e5028b'
System info: os.name: 'Windows 11', os.arch: 'amd64', os.version: '10.0', java.version: '17.0.9'
Driver info: org.openqa.selenium.chrome.ChromeDriver
Command: [4bd59c8c8c0f82dd9da649aba7cb5026, findElement {value=input-email, using=id}]
Capabilities {acceptInsecureCerts: false, browserName: chrome, browserVersion: 139.0.7258.155, chrome: {chromedriverVersion: 139.0.7258.154 (9e0d6b2b47f..., userDataDir: C:\Users\akash\AppData\Loca...}, fedcm:accounts: true, goog:chromeOptions: {debuggerAddress: localhost:51198}, networkConnectionEnabled: false, pageLoadStrategy: normal, platformName: windows, proxy: Proxy(), se:cdp: ws://localhost:51198/devtoo..., se:cdpVersion: 139.0.7258.155, setWindowRect: true, strictFileInteractability: false, timeouts: {implicit: 0, pageLoad: 300000, script: 30000}, unhandledPromptBehavior: dismiss and notify, webauthn:extension:credBlob: true, webauthn:extension:largeBlob: true, webauthn:extension:minPinLength: true, webauthn:extension:prf: true, webauthn:virtualAuthenticators: true}
Session ID: 4bd59c8c8c0f82dd9da649aba7cb5026
]]></system-out>
  </testcase>
  <testcase name="verify_Login[aka@gmail.com, 1234567, Invalid](4)" classname="testCases.TC003_DDTLoginTest" time="15.755">
    <failure message="null" type="java.lang.AssertionError"><![CDATA[java.lang.AssertionError: null
	at org.testng.Assert.fail(Assert.java:111)
	at org.testng.Assert.fail(Assert.java:116)
	at testCases.TC003_DDTLoginTest.verify_Login(TC003_DDTLoginTest.java:42)
	at java.base/jdk.internal.reflect.NativeMethodAccessorImpl.invoke0(Native Method)
	at java.base/jdk.internal.reflect.NativeMethodAccessorImpl.invoke(NativeMethodAccessorImpl.java:77)
	at java.base/jdk.internal.reflect.DelegatingMethodAccessorImpl.invoke(DelegatingMethodAccessorImpl.java:43)
	at java.base/java.lang.reflect.Method.invoke(Method.java:568)
	at org.testng.internal.invokers.MethodInvocationHelper.invokeMethod(MethodInvocationHelper.java:141)
	at org.testng.internal.invokers.TestInvoker.invokeMethod(TestInvoker.java:687)
	at org.testng.internal.invokers.TestInvoker.invokeTestMethod(TestInvoker.java:230)
	at org.testng.internal.invokers.MethodRunner.runInSequence(MethodRunner.java:63)
	at org.testng.internal.invokers.TestInvoker$MethodInvocationAgent.invoke(TestInvoker.java:995)
	at org.testng.internal.invokers.TestInvoker.invokeTestMethods(TestInvoker.java:203)
	at org.testng.internal.invokers.TestMethodWorker.invokeTestMethods(TestMethodWorker.java:154)
	at org.testng.internal.invokers.TestMethodWorker.run(TestMethodWorker.java:134)
	at java.base/java.util.ArrayList.forEach(ArrayList.java:1511)
	at org.testng.TestRunner.privateRun(TestRunner.java:741)
	at org.testng.TestRunner.run(TestRunner.java:616)
	at org.testng.SuiteRunner.runTest(SuiteRunner.java:421)
	at org.testng.SuiteRunner.runSequentially(SuiteRunner.java:413)
	at org.testng.SuiteRunner.privateRun(SuiteRunner.java:373)
	at org.testng.SuiteRunner.run(SuiteRunner.java:312)
	at org.testng.SuiteRunnerWorker.runSuite(SuiteRunnerWorker.java:52)
	at org.testng.SuiteRunnerWorker.run(SuiteRunnerWorker.java:95)
	at org.testng.TestNG.runSuitesSequentially(TestNG.java:1274)
	at org.testng.TestNG.runSuitesLocally(TestNG.java:1208)
	at org.testng.TestNG.runSuites(TestNG.java:1112)
	at org.testng.TestNG.run(TestNG.java:1079)
	at org.apache.maven.surefire.testng.TestNGExecutor.run(TestNGExecutor.java:308)
	at org.apache.maven.surefire.testng.TestNGXmlTestSuite.execute(TestNGXmlTestSuite.java:71)
	at org.apache.maven.surefire.testng.TestNGProvider.invoke(TestNGProvider.java:113)
	at org.apache.maven.surefire.booter.ForkedBooter.runSuitesInProcess(ForkedBooter.java:385)
	at org.apache.maven.surefire.booter.ForkedBooter.execute(ForkedBooter.java:162)
	at org.apache.maven.surefire.booter.ForkedBooter.run(ForkedBooter.java:507)
	at org.apache.maven.surefire.booter.ForkedBooter.main(ForkedBooter.java:495)
]]></failure>
    <system-out><![CDATA[2025-09-08 19:07:03 INFO  TC003_DDTLoginTest:17 - ***** Starting verify_DDTLogin *****
2025-09-08 19:07:03 INFO  TC003_DDTLoginTest:23 - Clicked Myaccount Link...
2025-09-08 19:07:03 INFO  TC003_DDTLoginTest:25 - Clicked Login...
2025-09-08 19:07:03 INFO  TC003_DDTLoginTest:29 - Entered email: aka@gmail.com
2025-09-08 19:07:03 INFO  TC003_DDTLoginTest:31 - Entered password: 1234567
2025-09-08 19:07:03 INFO  TC003_DDTLoginTest:33 - Clicked Login...
2025-09-08 19:07:18 DEBUG TC003_DDTLoginTest:41 - ***** Login Failed with email: aka@gmail.com Password: 1234567
]]></system-out>
  </testcase>
  <testcase name="verify_Login[abababnc@gmail.com, 1234, Valid](5)" classname="testCases.TC003_DDTLoginTest" time="2.01">
    <system-out><![CDATA[2025-09-08 19:07:18 INFO  TC003_DDTLoginTest:17 - ***** Starting verify_DDTLogin *****
2025-09-08 19:07:18 INFO  TC003_DDTLoginTest:23 - Clicked Myaccount Link...
2025-09-08 19:07:19 INFO  TC003_DDTLoginTest:25 - Clicked Login...
2025-09-08 19:07:19 INFO  TC003_DDTLoginTest:29 - Entered email: abababnc@gmail.com
2025-09-08 19:07:19 INFO  TC003_DDTLoginTest:31 - Entered password: 1234
2025-09-08 19:07:19 INFO  TC003_DDTLoginTest:33 - Clicked Login...
2025-09-08 19:07:20 INFO  TC003_DDTLoginTest:45 - ***** Finished verify_Login *****
]]></system-out>
  </testcase>
</testsuite>