<?xml version="1.0" encoding="UTF-8"?>
<testsuite xmlns:xsi="http://www.w3.org/2001/XMLSchema-instance" xsi:noNamespaceSchemaLocation="https://maven.apache.org/surefire/maven-surefire-plugin/xsd/surefire-test-report.xsd" version="3.0.2" name="TestSuite" time="33.003" tests="2" errors="0" skipped="0" failures="1">
  <properties>
[...]
</properties>
  <testcase name="LoginTest" classname="testCases.TC001_AccountRegisterationTest" time="16.617">
    <failure message="null" type="java.lang.AssertionError"><![CDATA[java.lang.AssertionError: null
	at org.testng.Assert.fail(Assert.java:111)
	at org.testng.Assert.fail(Assert.java:116)
	at testCases.TC001_AccountRegisterationTest.LoginTest(TC001_AccountRegisterationTest.java:48)
	at java.base/jdk.internal.reflect.NativeMethodAccessorImpl.invoke0(Native Method)
	at java.base/jdk.internal.reflect.NativeMethodAccessorImpl.invoke(NativeMethodAccessorImpl.java:77)
	at java.base/jdk.internal.reflect.DelegatingMethodAccessorImpl.invoke(DelegatingMethodAccessorImpl.java:43)
	at java.base/java.lang.reflect.Method.invoke(Method.java:568)
	at org.testng.internal.invokers.MethodInvocationHelper.invokeMethod(MethodInvocationHelper.java:141)
	at org.testng.internal.invokers.TestInvoker.invokeMethod(TestInvoker.java:687)
	at org.testng.internal.invokers.TestInvoker.invokeTestMethod(TestInvoker.java:230)
	at org.testng.internal.invokers.MethodRunner.runInSequence(MethodRunner.java:63)
	at org.testng.internal.invokers.TestInvoker$MethodInvocationAgent.invoke(TestInvoker.java:995)
	at org.testng.internal.invokers.TestInvoker.invokeTestMethods(TestInvoker.java:203)
	at org.testng.internal.invokers.TestMethodWorker.invokeTestMethods(TestMethodWorker.java:154)
	at org.testng.internal.invokers.TestMethodWorker.run(TestMethodWorker.java:134)
	at java.base/java.util.ArrayList.forEach(ArrayList.java:1511)
	at org.testng.TestRunner.privateRun(TestRunner.java:741)
	at org.testng.TestRunner.run(TestRunner.java:616)
	at org.testng.SuiteRunner.runTest(SuiteRunner.java:421)
	at org.testng.SuiteRunner.runSequentially(SuiteRunner.java:413)
	at org.testng.SuiteRunner.privateRun(SuiteRunner.java:373)
	at org.testng.SuiteRunner.run(SuiteRunner.java:312)
	at org.testng.SuiteRunnerWorker.runSuite(SuiteRunnerWorker.java:52)
	at org.testng.SuiteRunnerWorker.run(SuiteRunnerWorker.java:95)
	at org.testng.TestNG.runSuitesSequentially(TestNG.java:1274)
	at org.testng.TestNG.runSuitesLocally(TestNG.java:1208)
	at org.testng.TestNG.runSuites(TestNG.java:1112)
	at org.testng.TestNG.run(TestNG.java:1079)
	at org.apache.maven.surefire.testng.TestNGExecutor.run(TestNGExecutor.java:308)
	at org.apache.maven.surefire.testng.TestNGXmlTestSuite.execute(TestNGXmlTestSuite.java:71)
	at org.apache.maven.surefire.testng.TestNGProvider.invoke(TestNGProvider.java:113)
	at org.apache.maven.surefire.booter.ForkedBooter.runSuitesInProcess(ForkedBooter.java:385)
	at org.apache.maven.surefire.booter.ForkedBooter.execute(ForkedBooter.java:162)
	at org.apache.maven.surefire.booter.ForkedBooter.run(ForkedBooter.java:507)
	at org.apache.maven.surefire.booter.ForkedBooter.main(ForkedBooter.java:495)
]]></failure>
    <system-out><![CDATA[2025-09-06 19:04:28 DEBUG TestNG:82 - suiteXmlPath: "C:\Users\akash\Selenium_Cognizant\opencart_cucumber\master.xml"
2025-09-06 19:04:29 TRACE Graph:52 - [Graph] ADDING NODE BaseTest.setup(java.lang.String,java.lang.String)[pri:0, instance:null] -1308580327
2025-09-06 19:04:29 TRACE Graph:52 - [Graph] ================ SORTING
2025-09-06 19:04:29 TRACE Graph:52 - [Graph] =============== DONE SORTING
2025-09-06 19:04:29 TRACE Graph:52 - [Graph] ====== SORTED NODES
2025-09-06 19:04:29 TRACE Graph:52 - [Graph] ====== END SORTED NODES
2025-09-06 19:04:29 TRACE Graph:52 - [Graph] ADDING NODE BaseTest.tearDown()[pri:0, instance:null] 676218306
2025-09-06 19:04:29 TRACE Graph:52 - [Graph] ================ SORTING
2025-09-06 19:04:29 TRACE Graph:52 - [Graph] =============== DONE SORTING
2025-09-06 19:04:29 TRACE Graph:52 - [Graph] ====== SORTED NODES
2025-09-06 19:04:29 TRACE Graph:52 - [Graph] ====== END SORTED NODES
2025-09-06 19:04:29 TRACE Graph:52 - [Graph] ADDING NODE BaseTest.setup(java.lang.String,java.lang.String)[pri:0, instance:null] -1308580327
2025-09-06 19:04:29 TRACE Graph:52 - [Graph] ================ SORTING
2025-09-06 19:04:29 TRACE Graph:52 - [Graph] =============== DONE SORTING
2025-09-06 19:04:29 TRACE Graph:52 - [Graph] ====== SORTED NODES
2025-09-06 19:04:29 TRACE Graph:52 - [Graph] ====== END SORTED NODES
2025-09-06 19:04:29 TRACE Graph:52 - [Graph] ADDING NODE BaseTest.tearDown()[pri:0, instance:null] 676218306
2025-09-06 19:04:29 TRACE Graph:52 - [Graph] ================ SORTING
2025-09-06 19:04:29 TRACE Graph:52 - [Graph] =============== DONE SORTING
2025-09-06 19:04:29 TRACE Graph:52 - [Graph] ====== SORTED NODES
2025-09-06 19:04:29 TRACE Graph:52 - [Graph] ====== END SORTED NODES
2025-09-06 19:04:29 TRACE Graph:52 - [Graph] ADDING NODE TC001_AccountRegisterationTest.LoginTest()[pri:0, instance:testCases.TC001_AccountRegisterationTest@7103cb56] -874632147
2025-09-06 19:04:29 TRACE Graph:52 - [Graph] ADDING NODE TC002_LoginTest.verify_Login()[pri:0, instance:testCases.TC002_LoginTest@674bd420] -466935168
2025-09-06 19:04:29 TRACE Graph:52 - [Graph] ================ SORTING
2025-09-06 19:04:29 TRACE Graph:52 - [Graph] =============== DONE SORTING
2025-09-06 19:04:29 TRACE Graph:52 - [Graph] ====== SORTED NODES
2025-09-06 19:04:29 TRACE Graph:52 - [Graph] ====== END SORTED NODES
2025-09-06 19:04:35 INFO  TC001_AccountRegisterationTest:15 - ***** Starting TC001_AccountRegisterationTest *****
2025-09-06 19:04:35 INFO  TC001_AccountRegisterationTest:21 - Clicked Myaccount...
2025-09-06 19:04:36 INFO  TC001_AccountRegisterationTest:23 - Clicked Register...
2025-09-06 19:04:36 INFO  TC001_AccountRegisterationTest:27 - Entered first name...
2025-09-06 19:04:36 INFO  TC001_AccountRegisterationTest:29 - Entered last name...
2025-09-06 19:04:36 INFO  TC001_AccountRegisterationTest:31 - Entered email...
2025-09-06 19:04:36 INFO  TC001_AccountRegisterationTest:33 - Entered phonenumber
2025-09-06 19:04:36 INFO  TC001_AccountRegisterationTest:37 - Entered password and confirm password
2025-09-06 19:04:36 INFO  TC001_AccountRegisterationTest:39 - Clicked Privacy policy 
2025-09-06 19:04:36 INFO  TC001_AccountRegisterationTest:41 - Clicked Continue 
2025-09-06 19:04:51 DEBUG TC001_AccountRegisterationTest:47 - ***** Failed TC001_AccountRegisterationTest *****
]]></system-out>
    <system-err><![CDATA[2025-09-06T13:34:28.802526700Z main INFO Starting configuration XmlConfiguration[location=C:\Users\akash\Selenium_Cognizant\opencart_cucumber\target\test-classes\log4j2.xml, lastModified=2025-09-05T10:41:04.387Z]...
2025-09-06T13:34:28.802526700Z main INFO Configuration XmlConfiguration[location=C:\Users\akash\Selenium_Cognizant\opencart_cucumber\target\test-classes\log4j2.xml, lastModified=2025-09-05T10:41:04.387Z] started.
2025-09-06T13:34:28.802526700Z main INFO Stopping configuration org.apache.logging.log4j.core.config.DefaultConfiguration@16ec5519...
2025-09-06T13:34:28.802526700Z main INFO Configuration org.apache.logging.log4j.core.config.DefaultConfiguration@16ec5519 stopped.
]]></system-err>
  </testcase>
  <testcase name="verify_Login" classname="testCases.TC002_LoginTest" time="2.589">
    <system-out><![CDATA[2025-09-06 19:04:56 INFO  TC002_LoginTest:16 - ***** Starting verify_Login *****
2025-09-06 19:04:56 INFO  TC002_LoginTest:22 - Clicked Myaccount...
2025-09-06 19:04:56 INFO  TC002_LoginTest:24 - Clicked Login...
2025-09-06 19:04:57 INFO  TC002_LoginTest:28 - Entered email...
2025-09-06 19:04:57 INFO  TC002_LoginTest:30 - Entered password... 
2025-09-06 19:04:57 INFO  TC002_LoginTest:32 - Clicked Login...
2025-09-06 19:04:58 INFO  TC002_LoginTest:44 - ***** Finished verify_Login *****
]]></system-out>
    <system-err><![CDATA[Sep 06, 2025 7:04:52 PM org.openqa.selenium.remote.http.WebSocket$Listener onError
WARNING: Connection reset
java.net.SocketException: Connection reset
	at java.base/sun.nio.ch.SocketChannelImpl.throwConnectionReset(SocketChannelImpl.java:394)
	at java.base/sun.nio.ch.SocketChannelImpl.read(SocketChannelImpl.java:426)
	at java.net.http/jdk.internal.net.http.SocketTube.readAvailable(SocketTube.java:1170)
	at java.net.http/jdk.internal.net.http.SocketTube$InternalReadPublisher$InternalReadSubscription.read(SocketTube.java:833)
	at java.net.http/jdk.internal.net.http.SocketTube$SocketFlowTask.run(SocketTube.java:181)
	at java.net.http/jdk.internal.net.http.common.SequentialScheduler$SchedulableTask.run(SequentialScheduler.java:230)
	at java.net.http/jdk.internal.net.http.common.SequentialScheduler.runOrSchedule(SequentialScheduler.java:303)
	at java.net.http/jdk.internal.net.http.common.SequentialScheduler.runOrSchedule(SequentialScheduler.java:256)
	at java.net.http/jdk.internal.net.http.SocketTube$InternalReadPublisher$InternalReadSubscription.signalReadable(SocketTube.java:774)
	at java.net.http/jdk.internal.net.http.SocketTube$InternalReadPublisher$ReadEvent.signalEvent(SocketTube.java:957)
	at java.net.http/jdk.internal.net.http.SocketTube$SocketFlowEvent.handle(SocketTube.java:253)
	at java.net.http/jdk.internal.net.http.HttpClientImpl$SelectorManager.handleEvent(HttpClientImpl.java:979)
	at java.net.http/jdk.internal.net.http.HttpClientImpl$SelectorManager.lambda$run$3(HttpClientImpl.java:934)
	at java.base/java.util.ArrayList.forEach(ArrayList.java:1511)
	at java.net.http/jdk.internal.net.http.HttpClientImpl$SelectorManager.run(HttpClientImpl.java:934)

]]></system-err>
  </testcase>
</testsuite>