<?xml version="1.0" encoding="UTF-8"?>
<testng-results ignored="0" total="1" passed="1" failed="0" skipped="0">
  <reporter-output>
  </reporter-output>
  <suite started-at="2025-09-05T17:42:35 IST" name="Suite" finished-at="2025-09-05T17:42:43 IST" duration-ms="7923">
    <groups>
    </groups>
    <test started-at="2025-09-05T17:42:35 IST" name="Test" finished-at="2025-09-05T17:42:43 IST" duration-ms="7923">
      <class name="testCases.TC002_LoginTest">
        <test-method is-config="true" signature="setup(java.lang.String,java.lang.String)[pri:0, instance:testCases.TC002_LoginTest@6f1de4c7]" started-at="2025-09-05T17:42:36 IST" name="setup" finished-at="2025-09-05T17:42:40 IST" duration-ms="4648" status="PASS">
          <params>
            <param index="0">
              <value>
                <![CDATA[chrome]]>
              </value>
            </param>
            <param index="1">
              <value>
                <![CDATA[window]]>
              </value>
            </param>
          </params>
          <reporter-output>
          </reporter-output>
        </test-method> <!-- setup -->
        <test-method signature="verify_Login()[pri:0, instance:testCases.TC002_LoginTest@6f1de4c7]" started-at="2025-09-05T17:42:40 IST" name="verify_Login" finished-at="2025-09-05T17:42:43 IST" duration-ms="2623" status="PASS">
          <reporter-output>
          </reporter-output>
        </test-method> <!-- verify_Login -->
        <test-method is-config="true" signature="tearDown()[pri:0, instance:testCases.TC002_LoginTest@6f1de4c7]" started-at="2025-09-05T17:42:43 IST" name="tearDown" finished-at="2025-09-05T17:42:43 IST" duration-ms="188" status="PASS">
          <reporter-output>
          </reporter-output>
        </test-method> <!-- tearDown -->
      </class> <!-- testCases.TC002_LoginTest -->
    </test> <!-- Test -->
  </suite> <!-- Suite -->
</testng-results>
